scripts/kconfig/conf --silentoldconfig Kconfig
warning: (MTD_MSM_NAND && MTD_HTCLEO_NAND && MTD_DOC2000 && MTD_DOC2001 && MTD_DOC2001PLUS) selects MTD_NAND_IDS which has unmet direct dependencies (MTD && MTD_NAND)
warning: (MTD_MSM_NAND && MTD_HTCLEO_NAND && MTD_DOC2000 && MTD_DOC2001 && MTD_DOC2001PLUS) selects MTD_NAND_IDS which has unmet direct dependencies (MTD && MTD_NAND)
  CHK     include/linux/version.h
  CHK     include/generated/utsrelease.h
make[1]: »include/generated/mach-types.h« ist bereits aktualisiert.
  CC      arch/arm/kernel/asm-offsets.s
  GEN     include/generated/asm-offsets.h
  CALL    scripts/checksyscalls.sh
  CC      scripts/mod/empty.o
  MKELF   scripts/mod/elfconfig.h
  HOSTCC  scripts/mod/file2alias.o
  HOSTCC  scripts/mod/modpost.o
  HOSTCC  scripts/mod/sumversion.o
  HOSTLD  scripts/mod/modpost
  CC      init/main.o
  CHK     include/generated/compile.h
  CC      init/version.o
  CC      init/do_mounts.o
  CC      init/do_mounts_initrd.o
  LD      init/mounts.o
  CC      init/initramfs.o
  CC      init/calibrate.o
  LD      init/built-in.o
  AS      usr/initramfs_data.o
  LD      usr/built-in.o
  CC      arch/arm/vfp/vfpmodule.o
  AS      arch/arm/vfp/entry.o
  AS      arch/arm/vfp/vfphw.o
  CC      arch/arm/vfp/vfpsingle.o
  CC      arch/arm/vfp/vfpdouble.o
  LD      arch/arm/vfp/vfp.o
  LD      arch/arm/vfp/built-in.o
  CC      arch/arm/kernel/elf.o
  AS      arch/arm/kernel/entry-armv.o
  AS      arch/arm/kernel/entry-common.o
  CC      arch/arm/kernel/irq.o
  CC      arch/arm/kernel/process.o
  CC      arch/arm/kernel/ptrace.o
  CC      arch/arm/kernel/return_address.o
arch/arm/kernel/return_address.c:62: warning: #warning "TODO: return_address should use unwind tables"
  CC      arch/arm/kernel/setup.o
  CC      arch/arm/kernel/signal.o
  CC      arch/arm/kernel/sys_arm.o
  CC      arch/arm/kernel/stacktrace.o
  CC      arch/arm/kernel/time.o
  CC      arch/arm/kernel/traps.o
  CC      arch/arm/kernel/armksyms.o
  CC      arch/arm/kernel/module.o
  AS      arch/arm/kernel/sleep.o
  CC      arch/arm/kernel/sched_clock.o
  CC      arch/arm/kernel/thumbee.o
  CC      arch/arm/kernel/unwind.o
  CC      arch/arm/kernel/pmu.o
  CC      arch/arm/kernel/io.o
  LD      arch/arm/kernel/built-in.o
  AS      arch/arm/kernel/head.o
  CC      arch/arm/kernel/init_task.o
  LDS     arch/arm/kernel/vmlinux.lds
  CC      arch/arm/mm/dma-mapping.o
  CC      arch/arm/mm/extable.o
  CC      arch/arm/mm/fault.o
  CC      arch/arm/mm/init.o
  CC      arch/arm/mm/iomap.o
  CC      arch/arm/mm/fault-armv.o
  CC      arch/arm/mm/flush.o
  CC      arch/arm/mm/idmap.o
  CC      arch/arm/mm/ioremap.o
  CC      arch/arm/mm/mmap.o
  CC      arch/arm/mm/pgd.o
  CC      arch/arm/mm/mmu.o
  CC      arch/arm/mm/vmregion.o
  CC      arch/arm/mm/proc-syms.o
  CC      arch/arm/mm/alignment.o
  CC      arch/arm/mm/highmem.o
  AS      arch/arm/mm/abort-ev7.o
  AS      arch/arm/mm/pabort-v7.o
  AS      arch/arm/mm/cache-v7.o
  CC      arch/arm/mm/copypage-v6.o
  CC      arch/arm/mm/context.o
  AS      arch/arm/mm/tlb-v7.o
  AS      arch/arm/mm/proc-v7.o
  CC      arch/arm/mm/emulate_domain_manager-v7.o
  LD      arch/arm/mm/built-in.o
  CC      arch/arm/common/cpaccess.o
  LD      arch/arm/common/built-in.o
  CC      arch/arm/mach-msm/io.o
arch/arm/mach-msm/io.c:127: error: 'MSM_SHARED_RAM_PHYS' undeclared here (not in a function)
make[1]: *** [arch/arm/mach-msm/io.o] Fehler 1
make: *** [arch/arm/mach-msm] Fehler 2
